<?xml version="1.0" encoding="UTF-8"?>
<!-- Generated by org.testng.reporters.JUnitReportReporter -->
<testsuite hostname="SabinaShaikh" failures="0" tests="2" name="testCases.LoginTest" time="15.915" errors="0" timestamp="2025-08-29T19:20:21 IST" skipped="0">
  <testcase classname="testCases.LoginTest" name="LoginWithValidCredentials" time="7.839"/>
  <testcase classname="testCases.LoginTest" name="LoginWithValidCredentials" time="8.076"/>
</testsuite> <!-- testCases.LoginTest -->
