<?xml version="1.0" encoding="UTF-8"?>
<!-- Generated by org.testng.reporters.JUnitReportReporter -->
<testsuite hostname="SabinaShaikh" failures="0" tests="1" name="testCases.LoginTest" time="7.460" errors="0" timestamp="2025-08-29T20:26:46 IST" skipped="0">
  <testcase classname="testCases.LoginTest" name="LoginWithValidCredentials" time="7.460"/>
</testsuite> <!-- testCases.LoginTest -->
